<?xml version="1.0" encoding="UTF-8"?>
<testng-results ignored="0" total="11" passed="11" failed="0" skipped="0">
  <reporter-output>
  </reporter-output>
  <suite started-at="2022-05-15T22:32:49 EET" name="All Test Suite" finished-at="2022-05-15T22:34:07 EET" duration-ms="77643">
    <groups>
      <group name="cucumber">
        <method signature="AbstractTestNGCucumberTests.runScenario(io.cucumber.testng.PickleWrapper,io.cucumber.testng.FeatureWrapper)[pri:0, instance:Runner.RunTest@2aa3cd93]" name="runScenario" class="io.cucumber.testng.AbstractTestNGCucumberTests"/>
      </group> <!-- cucumber -->
    </groups>
    <test started-at="2022-05-15T22:32:49 EET" name="D:/My Life/Testing Track ITI 3-months/That&#039;s My Automation Project/E-Commerce-App-Automation-Testing" finished-at="2022-05-15T22:34:07 EET" duration-ms="77643">
      <class name="Runner.RunTest">
        <test-method is-config="true" signature="setUpClass(org.testng.ITestContext)[pri:0, instance:Runner.RunTest@2aa3cd93]" started-at="2022-05-15T22:32:49 EET" name="setUpClass" finished-at="2022-05-15T22:32:59 EET" duration-ms="9798" status="PASS">
          <params>
            <param index="0">
              <value>
                <![CDATA[org.testng.TestRunner@2e0fdbe9]]>
              </value>
            </param>
          </params>
          <reporter-output>
          </reporter-output>
        </test-method> <!-- setUpClass -->
        <test-method signature="runScenario(io.cucumber.testng.PickleWrapper,io.cucumber.testng.FeatureWrapper)[pri:0, instance:Runner.RunTest@2aa3cd93]" started-at="2022-05-15T22:32:59 EET" name="runScenario" description="Runs Cucumber Scenarios" data-provider="scenarios" finished-at="2022-05-15T22:33:26 EET" duration-ms="27086" status="PASS">
          <params>
            <param index="0">
              <value>
                <![CDATA["Guest user could register with valid data successfully"]]>
              </value>
            </param>
            <param index="1">
              <value>
                <![CDATA["Registration Page"]]>
              </value>
            </param>
          </params>
          <reporter-output>
          </reporter-output>
        </test-method> <!-- runScenario -->
        <test-method signature="runScenario(io.cucumber.testng.PickleWrapper,io.cucumber.testng.FeatureWrapper)[pri:0, instance:Runner.RunTest@2aa3cd93]" started-at="2022-05-15T22:33:26 EET" name="runScenario" description="Runs Cucumber Scenarios" data-provider="scenarios" finished-at="2022-05-15T22:33:30 EET" duration-ms="3756" status="PASS">
          <params>
            <param index="0">
              <value>
                <![CDATA["User could log in with valid email and password"]]>
              </value>
            </param>
            <param index="1">
              <value>
                <![CDATA["Login Page"]]>
              </value>
            </param>
          </params>
          <reporter-output>
          </reporter-output>
        </test-method> <!-- runScenario -->
        <test-method signature="runScenario(io.cucumber.testng.PickleWrapper,io.cucumber.testng.FeatureWrapper)[pri:0, instance:Runner.RunTest@2aa3cd93]" started-at="2022-05-15T22:33:30 EET" name="runScenario" description="Runs Cucumber Scenarios" data-provider="scenarios" finished-at="2022-05-15T22:33:33 EET" duration-ms="2900" status="PASS">
          <params>
            <param index="0">
              <value>
                <![CDATA["User could reset his/her password successfully"]]>
              </value>
            </param>
            <param index="1">
              <value>
                <![CDATA["Reset Password Page"]]>
              </value>
            </param>
          </params>
          <reporter-output>
          </reporter-output>
        </test-method> <!-- runScenario -->
        <test-method signature="runScenario(io.cucumber.testng.PickleWrapper,io.cucumber.testng.FeatureWrapper)[pri:0, instance:Runner.RunTest@2aa3cd93]" started-at="2022-05-15T22:33:33 EET" name="runScenario" description="Runs Cucumber Scenarios" data-provider="scenarios" finished-at="2022-05-15T22:33:36 EET" duration-ms="2486" status="PASS">
          <params>
            <param index="0">
              <value>
                <![CDATA["Guest User could search for any product using name"]]>
              </value>
            </param>
            <param index="1">
              <value>
                <![CDATA["Search"]]>
              </value>
            </param>
          </params>
          <reporter-output>
          </reporter-output>
        </test-method> <!-- runScenario -->
        <test-method signature="runScenario(io.cucumber.testng.PickleWrapper,io.cucumber.testng.FeatureWrapper)[pri:0, instance:Runner.RunTest@2aa3cd93]" started-at="2022-05-15T22:33:36 EET" name="runScenario" description="Runs Cucumber Scenarios" data-provider="scenarios" finished-at="2022-05-15T22:33:37 EET" duration-ms="1875" status="PASS">
          <params>
            <param index="0">
              <value>
                <![CDATA["Guest User could search for any product using SKU"]]>
              </value>
            </param>
            <param index="1">
              <value>
                <![CDATA["Search"]]>
              </value>
            </param>
          </params>
          <reporter-output>
          </reporter-output>
        </test-method> <!-- runScenario -->
        <test-method signature="runScenario(io.cucumber.testng.PickleWrapper,io.cucumber.testng.FeatureWrapper)[pri:0, instance:Runner.RunTest@2aa3cd93]" started-at="2022-05-15T22:33:37 EET" name="runScenario" description="Runs Cucumber Scenarios" data-provider="scenarios" finished-at="2022-05-15T22:33:40 EET" duration-ms="2317" status="PASS">
          <params>
            <param index="0">
              <value>
                <![CDATA["Guest User  could switch between currencies US-Euro"]]>
              </value>
            </param>
            <param index="1">
              <value>
                <![CDATA["Switch between currencies"]]>
              </value>
            </param>
          </params>
          <reporter-output>
          </reporter-output>
        </test-method> <!-- runScenario -->
        <test-method signature="runScenario(io.cucumber.testng.PickleWrapper,io.cucumber.testng.FeatureWrapper)[pri:0, instance:Runner.RunTest@2aa3cd93]" started-at="2022-05-15T22:33:40 EET" name="runScenario" description="Runs Cucumber Scenarios" data-provider="scenarios" finished-at="2022-05-15T22:33:43 EET" duration-ms="2807" status="PASS">
          <params>
            <param index="0">
              <value>
                <![CDATA["Guest user could select different Categories"]]>
              </value>
            </param>
            <param index="1">
              <value>
                <![CDATA["Categories"]]>
              </value>
            </param>
          </params>
          <reporter-output>
          </reporter-output>
        </test-method> <!-- runScenario -->
        <test-method signature="runScenario(io.cucumber.testng.PickleWrapper,io.cucumber.testng.FeatureWrapper)[pri:0, instance:Runner.RunTest@2aa3cd93]" started-at="2022-05-15T22:33:43 EET" name="runScenario" description="Runs Cucumber Scenarios" data-provider="scenarios" finished-at="2022-05-15T22:33:44 EET" duration-ms="1135" status="PASS">
          <params>
            <param index="0">
              <value>
                <![CDATA["verify that guest user could click om slider wrapper"]]>
              </value>
            </param>
            <param index="1">
              <value>
                <![CDATA["Home Sliders"]]>
              </value>
            </param>
          </params>
          <reporter-output>
          </reporter-output>
        </test-method> <!-- runScenario -->
        <test-method signature="runScenario(io.cucumber.testng.PickleWrapper,io.cucumber.testng.FeatureWrapper)[pri:0, instance:Runner.RunTest@2aa3cd93]" started-at="2022-05-15T22:33:44 EET" name="runScenario" description="Runs Cucumber Scenarios" data-provider="scenarios" finished-at="2022-05-15T22:33:53 EET" duration-ms="9019" status="PASS">
          <params>
            <param index="0">
              <value>
                <![CDATA["Confirm "Follow us" links open the corresponding websites"]]>
              </value>
            </param>
            <param index="1">
              <value>
                <![CDATA["Follow Us"]]>
              </value>
            </param>
          </params>
          <reporter-output>
          </reporter-output>
        </test-method> <!-- runScenario -->
        <test-method signature="runScenario(io.cucumber.testng.PickleWrapper,io.cucumber.testng.FeatureWrapper)[pri:0, instance:Runner.RunTest@2aa3cd93]" started-at="2022-05-15T22:33:53 EET" name="runScenario" description="Runs Cucumber Scenarios" data-provider="scenarios" finished-at="2022-05-15T22:34:00 EET" duration-ms="7036" status="PASS">
          <params>
            <param index="0">
              <value>
                <![CDATA["user could add products to wishlist"]]>
              </value>
            </param>
            <param index="1">
              <value>
                <![CDATA["Add products to wishlist"]]>
              </value>
            </param>
          </params>
          <reporter-output>
          </reporter-output>
        </test-method> <!-- runScenario -->
        <test-method signature="runScenario(io.cucumber.testng.PickleWrapper,io.cucumber.testng.FeatureWrapper)[pri:0, instance:Runner.RunTest@2aa3cd93]" started-at="2022-05-15T22:34:00 EET" name="runScenario" description="Runs Cucumber Scenarios" data-provider="scenarios" finished-at="2022-05-15T22:34:04 EET" duration-ms="4206" status="PASS">
          <params>
            <param index="0">
              <value>
                <![CDATA["User choose a product and click on ADD TO CART button"]]>
              </value>
            </param>
            <param index="1">
              <value>
                <![CDATA["Shopping Cart"]]>
              </value>
            </param>
          </params>
          <reporter-output>
          </reporter-output>
        </test-method> <!-- runScenario -->
        <test-method is-config="true" signature="tearDownClass()[pri:0, instance:Runner.RunTest@2aa3cd93]" started-at="2022-05-15T22:34:04 EET" name="tearDownClass" finished-at="2022-05-15T22:34:07 EET" duration-ms="3162" status="PASS">
          <reporter-output>
          </reporter-output>
        </test-method> <!-- tearDownClass -->
      </class> <!-- Runner.RunTest -->
    </test> <!-- D:/My Life/Testing Track ITI 3-months/That's My Automation Project/E-Commerce-App-Automation-Testing -->
  </suite> <!-- All Test Suite -->
</testng-results>
